{"name": "test_printCarNamesandPrices[chrome-BMW-BMWs Cars]", "status": "failed", "statusDetails": {"message": "AssertionError: Not on the correct page as title is not matching\nassert 'BMW Cars' == 'BMWs Cars'\n  - BMWs Cars\n  ?    -\n  + BMW Cars", "trace": "self = <Testcases.test_Carwale.Test_Carwale object at 0x7f81a4c00520>\ncarBrand = 'BMW', carTitle = 'BMWs Cars'\n\n    @pytest.mark.parametrize(\"carBrand, carTitle\",\n                             DataProvider.get_data(\"NewCarsTest\"))\n    def test_printCarNamesandPrices(self, carBrand,carTitle):\n        log.logger.info(\"******Inside Car Names*********\")\n        home = HomePage(self.driver)\n        car = CarBase(self.driver)\n        print(\"Printing car brand:\", carBrand)\n    \n        if carBrand == \"BMW\":\n            home.gotoNewCars().selectBMW()\n            title = car.getCarTitle()  # To get Car Title\n            # print(\"Car title is: \" + title)\n            print((\"Car title is: \"+title).encode('utf8')) # This is to avoid error in Jenkins\n    \n>           assert title == carTitle, \"Not on the correct page as title is not matching\"\nE           AssertionError: Not on the correct page as title is not matching\nE           assert 'BMW Cars' == 'BMWs Cars'\nE             - BMWs Cars\nE             ?    -\nE             + BMW Cars\n\ntest_Carwale.py:76: AssertionError"}, "attachments": [{"name": "log", "source": "b2e5d97c-6663-4821-bab1-6df82d1cb985-attachment.txt", "type": "text/plain"}], "parameters": [{"name": "get_browser", "value": "'chrome'"}, {"name": "carBrand", "value": "'BMW'"}, {"name": "carTitle", "value": "'BMWs Cars'"}], "start": 1641495198586, "stop": 1641495206216, "uuid": "35278f29-4595-4e40-92d0-7951b9ab5896", "historyId": "97d03009223335b47956de2fbe6c8979", "testCaseId": "13cc11e909433098b45892dc3b1d7cc6", "fullName": "test_Carwale.Test_Carwale#test_printCarNamesandPrices", "labels": [{"name": "tag", "value": "@pytest.mark.usefixtures('log_on_failure', 'get_browser')"}, {"name": "suite", "value": "test_Carwale"}, {"name": "subSuite", "value": "Test_Carwale"}, {"name": "host", "value": "LiriQA1.local"}, {"name": "thread", "value": "35953-MainThread"}, {"name": "framework", "value": "pytest"}, {"name": "language", "value": "cpython3"}, {"name": "package", "value": "test_Carwale"}]}