{
  "uid" : "9950c9f4a9d3d45",
  "name" : "test_printCarNamesandPrices[chrome-BMW-BMWs Cars]",
  "fullName" : "test_Carwale.Test_Carwale#test_printCarNamesandPrices",
  "historyId" : "97d03009223335b47956de2fbe6c8979",
  "time" : {
    "start" : 1641389046438,
    "stop" : 1641389054985,
    "duration" : 8547
  },
  "status" : "failed",
  "statusMessage" : "AssertionError: Not on the correct page as title is not matching\nassert 'BMW Cars' == 'BMWs Cars'\n  - BMWs Cars\n  ?    -\n  + BMW Cars",
  "statusTrace" : "self = <Testcases.test_Carwale.Test_Carwale object at 0x7f9a67449a00>\ncarBrand = 'BMW', carTitle = 'BMWs Cars'\n\n    @pytest.mark.parametrize(\"carBrand, carTitle\",\n                             DataProvider.get_data(\"NewCarsTest\"))\n    def test_printCarNamesandPrices(self, carBrand,carTitle):\n        log.logger.info(\"******Inside Car Names*********\")\n        home = HomePage(self.driver)\n        car = CarBase(self.driver)\n        print(\"Printing car brand:\", carBrand)\n    \n        if carBrand == \"BMW\":\n            home.gotoNewCars().selectBMW()\n            title = car.getCarTitle()  # To get Car Title\n            # print(\"Car title is: \" + title)\n            print((\"Car title is: \"+title).encode('utf8')) # This is to avoid error in Jenkins\n    \n>           assert title == carTitle, \"Not on the correct page as title is not matching\"\nE           AssertionError: Not on the correct page as title is not matching\nE           assert 'BMW Cars' == 'BMWs Cars'\nE             - BMWs Cars\nE             ?    -\nE             + BMW Cars\n\ntest_Carwale.py:76: AssertionError",
  "flaky" : false,
  "newFailed" : false,
  "newBroken" : false,
  "newPassed" : false,
  "retriesCount" : 0,
  "retriesStatusChange" : false,
  "beforeStages" : [ {
    "name" : "get_browser",
    "time" : {
      "start" : 1641389038917,
      "stop" : 1641389046434,
      "duration" : 7517
    },
    "status" : "passed",
    "steps" : [ ],
    "attachments" : [ ],
    "parameters" : [ ],
    "stepsCount" : 0,
    "attachmentsCount" : 0,
    "shouldDisplayMessage" : false,
    "hasContent" : false
  }, {
    "name" : "log_on_failure",
    "time" : {
      "start" : 1641389046435,
      "stop" : 1641389046435,
      "duration" : 0
    },
    "status" : "passed",
    "steps" : [ ],
    "attachments" : [ ],
    "parameters" : [ ],
    "stepsCount" : 0,
    "attachmentsCount" : 0,
    "shouldDisplayMessage" : false,
    "hasContent" : false
  } ],
  "testStage" : {
    "status" : "failed",
    "statusMessage" : "AssertionError: Not on the correct page as title is not matching\nassert 'BMW Cars' == 'BMWs Cars'\n  - BMWs Cars\n  ?    -\n  + BMW Cars",
    "statusTrace" : "self = <Testcases.test_Carwale.Test_Carwale object at 0x7f9a67449a00>\ncarBrand = 'BMW', carTitle = 'BMWs Cars'\n\n    @pytest.mark.parametrize(\"carBrand, carTitle\",\n                             DataProvider.get_data(\"NewCarsTest\"))\n    def test_printCarNamesandPrices(self, carBrand,carTitle):\n        log.logger.info(\"******Inside Car Names*********\")\n        home = HomePage(self.driver)\n        car = CarBase(self.driver)\n        print(\"Printing car brand:\", carBrand)\n    \n        if carBrand == \"BMW\":\n            home.gotoNewCars().selectBMW()\n            title = car.getCarTitle()  # To get Car Title\n            # print(\"Car title is: \" + title)\n            print((\"Car title is: \"+title).encode('utf8')) # This is to avoid error in Jenkins\n    \n>           assert title == carTitle, \"Not on the correct page as title is not matching\"\nE           AssertionError: Not on the correct page as title is not matching\nE           assert 'BMW Cars' == 'BMWs Cars'\nE             - BMWs Cars\nE             ?    -\nE             + BMW Cars\n\ntest_Carwale.py:76: AssertionError",
    "steps" : [ ],
    "attachments" : [ {
      "uid" : "14a6c5942c4974b",
      "name" : "log",
      "source" : "14a6c5942c4974b.txt",
      "type" : "text/plain",
      "size" : 647
    } ],
    "parameters" : [ ],
    "stepsCount" : 0,
    "attachmentsCount" : 1,
    "shouldDisplayMessage" : true,
    "hasContent" : true
  },
  "afterStages" : [ {
    "name" : "log_on_failure::0",
    "time" : {
      "start" : 1641389055516,
      "stop" : 1641389056537,
      "duration" : 1021
    },
    "status" : "passed",
    "steps" : [ ],
    "attachments" : [ {
      "uid" : "a1d93c45240744dd",
      "name" : "Screenshot",
      "source" : "a1d93c45240744dd.png",
      "type" : "image/png",
      "size" : 128394
    } ],
    "parameters" : [ ],
    "stepsCount" : 0,
    "attachmentsCount" : 1,
    "shouldDisplayMessage" : false,
    "hasContent" : true
  }, {
    "name" : "get_browser::0",
    "time" : {
      "start" : 1641389056539,
      "stop" : 1641389056868,
      "duration" : 329
    },
    "status" : "passed",
    "steps" : [ ],
    "attachments" : [ ],
    "parameters" : [ ],
    "stepsCount" : 0,
    "attachmentsCount" : 0,
    "shouldDisplayMessage" : false,
    "hasContent" : false
  } ],
  "labels" : [ {
    "name" : "tag",
    "value" : "@pytest.mark.usefixtures('log_on_failure', 'get_browser')"
  }, {
    "name" : "suite",
    "value" : "test_Carwale"
  }, {
    "name" : "subSuite",
    "value" : "Test_Carwale"
  }, {
    "name" : "host",
    "value" : "LiriQA1.local"
  }, {
    "name" : "thread",
    "value" : "15872-MainThread"
  }, {
    "name" : "framework",
    "value" : "pytest"
  }, {
    "name" : "language",
    "value" : "cpython3"
  }, {
    "name" : "package",
    "value" : "test_Carwale"
  }, {
    "name" : "resultFormat",
    "value" : "allure2"
  } ],
  "parameters" : [ {
    "name" : "carBrand",
    "value" : "'BMW'"
  }, {
    "name" : "carTitle",
    "value" : "'BMWs Cars'"
  }, {
    "name" : "get_browser",
    "value" : "'chrome'"
  } ],
  "links" : [ ],
  "hidden" : true,
  "retry" : true,
  "extra" : {
    "categories" : [ ],
    "tags" : [ "@pytest.mark.usefixtures('log_on_failure', 'get_browser')" ]
  },
  "source" : "9950c9f4a9d3d45.json",
  "parameterValues" : [ "'BMW'", "'BMWs Cars'", "'chrome'" ]
}